2021-08-13 18:39:10,893 :INFO :Logs.Log :***********************Test_001_Login*****************************
2021-08-13 18:39:10,893 :INFO :Logs.Log :********************Test Login Ended********************************
2021-08-13 18:39:29,049 :INFO :Logs.Log :********************Test  Login Ended********************************
2021-08-13 18:39:30,500 :INFO :Logs.Log :********************verifying Login Test********************************
2021-08-13 18:39:46,018 :INFO :Logs.Log :********************Login Test passed********************************
2021-08-23 10:26:26,425 :INFO :Logs.Log :***********************Test_001_Login*****************************
2021-08-23 10:26:26,426 :INFO :Logs.Log :********************Test Login Ended********************************
2021-08-23 10:26:50,237 :INFO :Logs.Log :********************Test  Login Ended********************************
2021-08-23 10:26:51,716 :INFO :Logs.Log :********************verifying Login Test********************************
2021-08-23 10:26:57,243 :INFO :Logs.Log :********************Login Test passed********************************
2021-08-23 10:34:30,901 :INFO :Logs.Log :***********************Test_001_Login*****************************
2021-08-23 10:34:30,902 :INFO :Logs.Log :********************Test Login Ended********************************
2021-08-23 10:34:41,365 :INFO :Logs.Log :********************Test  Login Ended********************************
2021-08-23 10:34:42,841 :INFO :Logs.Log :********************verifying Login Test********************************
2021-08-23 10:34:48,453 :INFO :Logs.Log :********************Login Test passed********************************
2021-08-23 15:10:11,895 :INFO :Logs.Log :***********************Test_001_Login*****************************
2021-08-23 15:10:11,896 :INFO :Logs.Log :********************Test Login Ended********************************
2021-08-23 15:10:22,160 :INFO :Logs.Log :********************Test  Login Ended********************************
2021-08-23 15:10:23,631 :INFO :Logs.Log :********************verifying Login Test********************************
2021-08-23 15:10:29,857 :INFO :Logs.Log :********************Login Test passed********************************
2021-08-23 17:17:33,577 :INFO :Logs.Log :***********************Test_001_Login*****************************
2021-08-23 17:17:33,589 :INFO :Logs.Log :********************Test Login Ended********************************
2021-08-23 17:17:46,223 :INFO :Logs.Log :********************Test  Login Ended********************************
2021-08-23 17:17:47,713 :INFO :Logs.Log :********************verifying Login Test********************************
2021-08-23 17:17:53,928 :INFO :Logs.Log :********************Login Test passed********************************
2021-08-23 17:22:05,997 :INFO :Logs.Log :********************verifying Login Test********************************
2021-08-23 17:22:16,167 :INFO :Logs.Log :********************Login Test passed********************************
2021-08-23 17:22:34,338 :INFO :Logs.Log :********************verifying Login Test********************************
2021-08-23 17:22:44,522 :INFO :Logs.Log :********************Login Test passed********************************
2021-08-23 17:27:05,001 :INFO :Logs.Log :********************verifying Login Test********************************
2021-08-23 17:27:28,960 :INFO :Logs.Log :********************Login Test passed********************************
2021-08-23 18:09:26,709 :INFO :Logs.Log :********************verifying Login Test********************************
2021-08-31 10:46:33,144 :INFO :Logs.Log :***********************Test_001_Login*****************************
2021-08-31 10:46:33,144 :INFO :Logs.Log :********************Test Login Ended********************************
2021-08-31 10:46:44,358 :INFO :Logs.Log :********************Test  Login Ended********************************
2021-08-31 10:46:45,934 :INFO :Logs.Log :********************verifying Login Test********************************
2021-08-31 10:46:57,476 :INFO :Logs.Log :********************Login Test passed********************************
2021-08-31 10:48:52,305 :INFO :Logs.Log :********************verifying Login Test********************************
2021-08-31 11:03:11,597 :INFO :Logs.Log :********************verifying Login Test********************************
2021-08-31 11:17:40,457 :INFO :Logs.Log :********************verifying Login Test********************************
2021-08-31 13:36:50,258 :INFO :Logs.Log :********************verifying Login Test********************************
2021-08-31 13:37:05,718 :INFO :Logs.Log :********************Login Test passed********************************
2021-08-31 13:57:10,086 :INFO :Logs.Log :********************verifying Login Test********************************
2021-08-31 13:59:12,482 :INFO :Logs.Log :********************verifying Login Test********************************
2021-08-31 13:59:25,907 :INFO :Logs.Log :********************Login Test passed********************************
2021-08-31 14:00:50,558 :INFO :Logs.Log :********************verifying Login Test********************************
2021-08-31 14:01:04,642 :INFO :Logs.Log :********************Login Test passed********************************
2021-08-31 14:46:02,186 :INFO :Logs.Log :********************verifying Login Test********************************
2021-08-31 14:46:16,700 :INFO :Logs.Log :********************Test  Homepage Ended********************************
2021-09-01 10:40:06,818 :INFO :Logs.Log :********************verifying Login Test********************************
2021-09-01 10:40:36,122 :INFO :Logs.Log :********************Test  Homepage Ended********************************
2021-09-01 10:40:37,581 :INFO :Logs.Log :********************verifying Login Test********************************
2021-09-01 10:40:56,790 :INFO :Logs.Log :********************verifying Login Test********************************
2021-09-01 10:41:00,081 :INFO :Logs.Log :********************verifying Login Test********************************
2021-09-01 10:41:03,142 :INFO :Logs.Log :********************verifying Login Test********************************
2021-09-01 10:41:06,641 :INFO :Logs.Log :********************verifying Login Test********************************
2021-09-02 11:17:55,805 :INFO :Logs.Log :***********************Test_001_Login*****************************
2021-09-02 11:17:55,857 :INFO :Logs.Log :********************Test Login Ended********************************
2021-09-02 11:18:14,037 :INFO :Logs.Log :********************Test  Login Ended********************************
2021-09-02 11:18:15,576 :INFO :Logs.Log :********************verifying Login Test********************************
2021-09-02 11:18:32,874 :INFO :Logs.Log :********************Login Test passed********************************
2021-09-03 14:52:13,058 :INFO :Logs.Log :***********************Test_001_Login*****************************
2021-09-03 14:52:13,058 :INFO :Logs.Log :********************Test Login Ended********************************
2021-09-03 14:52:30,229 :INFO :Logs.Log :********************Test  Login Ended********************************
2021-09-03 14:52:31,718 :INFO :Logs.Log :********************verifying Login Test********************************
2021-09-03 14:52:41,774 :INFO :Logs.Log :********************Login Test passed********************************
2021-09-03 16:05:00,543 :INFO :Logs.Log :********************verifying Homepage Test********************************
2021-09-03 16:07:46,246 :INFO :Logs.Log :********************verifying Homepage Test********************************
2021-09-03 16:08:07,569 :INFO :Logs.Log :********************Test  Homepage Ended********************************
2021-09-06 10:46:02,966 :INFO :Logs.Log :********************verifying Homepage Test********************************
2021-09-06 10:46:24,972 :INFO :Logs.Log :********************Test  Homepage Ended********************************
2021-09-06 10:46:26,498 :INFO :Logs.Log :********************verifying Login Test********************************
2021-09-06 10:46:36,431 :INFO :Logs.Log :********************verifying Login Test********************************
2021-09-06 10:46:40,472 :INFO :Logs.Log :********************verifying Login Test********************************
2021-09-06 10:46:51,868 :INFO :Logs.Log :********************verifying Login Test********************************
2021-09-06 10:46:55,107 :INFO :Logs.Log :********************verifying Login Test********************************
